<?xml version="1.0" encoding="UTF-8"?>
<testExecutions version="1">
  <file path="C:\RevatureRepo\Project3_P3\backend\src\init\init.test.ts">
    <testCase name="Function handler for init database function Should run successfully without errors" duration="3"/>
    <testCase name="Function handler for init database function Should fail gracefully if FS fails" duration="30"/>
    <testCase name="Function handler for init database function Should fail gracefully if PG fails" duration="2"/>
    <testCase name="Function handler for init database function Should fail gracefully if sample data requires refresh" duration="1"/>
    <testCase name="Function handler for init database function Should fail gracefully if database requires refresh" duration="1"/>
  </file>
</testExecutions>